   Compiling codecrafters-interpreter v0.1.0 (/home/ray/src/codecrafters/codecrafters-interpreter-rust)
warning: method `add_token` is never used
   --> src/main.rs:217:8
    |
42  | impl Scanner {
    | ------------ method in this implementation
...
217 |     fn add_token(&mut self, token: Token) {
    |        ^^^^^^^^^
    |
    = note: `#[warn(dead_code)]` on by default

warning: `codecrafters-interpreter` (bin "codecrafters-interpreter") generated 1 warning
    Finished `dev` profile [unoptimized + debuginfo] target(s) in 0.31s
     Running `target/debug/codecrafters-interpreter tokenize ex9.txt`
process_char('(')
process_char(')')
process_char(' ')
process_char('/')
found comment
consuming comment
consuming comment
consuming comment
consuming comment
consuming comment
consuming comment
consuming comment
consuming comment
